#
# There is insufficient memory for the Java Runtime Environment to continue.
# Native memory allocation (mmap) failed to map 939524096 bytes for committing reserved memory.
# Possible reasons:
#   The system is out of physical RAM or swap space
#   The process is running with CompressedOops enabled, and the Java Heap may be blocking the growth of the native heap
# Possible solutions:
#   Reduce memory load on the system
#   Increase physical memory or swap space
#   Check if swap backing store is full
#   Decrease Java heap size (-Xmx/-Xms)
#   Decrease number of Java threads
#   Decrease Java thread stack sizes (-Xss)
#   Set larger code cache with -XX:ReservedCodeCacheSize=
# This output file may be truncated or incomplete.
#
#  Out of Memory Error (os_linux.cpp:2757), pid=29159, tid=0x00007febf8a04700
#
# JRE version:  (8.0_252-b09) (build )
# Java VM: OpenJDK 64-Bit Server VM (25.252-b09 mixed mode linux-amd64 compressed oops)
# Failed to write core dump. Core dumps have been disabled. To enable core dumping, try "ulimit -c unlimited" before starting Java again
#

---------------  T H R E A D  ---------------

Current thread (0x00007febf000b000):  JavaThread "Unknown thread" [_thread_in_vm, id=29178, stack(0x00007febf8904000,0x00007febf8a05000)]

Stack: [0x00007febf8904000,0x00007febf8a05000],  sp=0x00007febf8a03660,  free space=1021k
Native frames: (J=compiled Java code, j=interpreted, Vv=VM code, C=native code)
V  [libjvm.so+0xa7af9b]
V  [libjvm.so+0x4ccc7c]
V  [libjvm.so+0x8c8ce8]
V  [libjvm.so+0x8c032e]
V  [libjvm.so+0x93e076]
V  [libjvm.so+0x92ebb3]
V  [libjvm.so+0x2b24b1]
V  [libjvm.so+0x8ee479]
V  [libjvm.so+0xa3eb69]
V  [libjvm.so+0xa3edb2]
V  [libjvm.so+0x617fdf]
V  [libjvm.so+0xa242cb]
V  [libjvm.so+0x692a22]  JNI_CreateJavaVM+0x62
C  [libjli.so+0x2f2e]
C  [libjli.so+0x74ed]
C  [libpthread.so.0+0x76ba]  start_thread+0xca


---------------  P R O C E S S  ---------------

Java Threads: ( => current thread )

Other Threads:

=>0x00007febf000b000 (exited) JavaThread "Unknown thread" [_thread_in_vm, id=29178, stack(0x00007febf8904000,0x00007febf8a05000)]

VM state:not at safepoint (not fully initialized)

VM Mutex/Monitor currently owned by a thread: None

heap address: 0x00000006c0000000, size: 4096 MB, Compressed Oops mode: Non-zero based:0x00000006bffff000, Oop shift amount: 3
Narrow klass base: 0x0000000000000000, Narrow klass shift: 0

GC Heap History (0 events):
No events

Deoptimization events (0 events):
No events

Classes redefined (0 events):
No events

Internal exceptions (0 events):
No events

Events (0 events):
No events


Dynamic libraries:
6f8000000-76ab00000 ---p 00000000 00:00 0 
76ab00000-772b00000 rw-p 00000000 00:00 0 
772b00000-7c0000000 ---p 00000000 00:00 0 
563391b74000-563391b75000 r-xp 00000000 08:01 11927932                   /usr/lib/jvm/java-8-openjdk-amd64/jre/bin/java
563391d74000-563391d75000 r--p 00000000 08:01 11927932                   /usr/lib/jvm/java-8-openjdk-amd64/jre/bin/java
563391d75000-563391d76000 rw-p 00001000 08:01 11927932                   /usr/lib/jvm/java-8-openjdk-amd64/jre/bin/java
56339229b000-5633922bc000 rw-p 00000000 00:00 0                          [heap]
7febe1000000-7febe1270000 rwxp 00000000 00:00 0 
7febe1270000-7febf0000000 ---p 00000000 00:00 0 
7febf0000000-7febf0033000 rw-p 00000000 00:00 0 
7febf0033000-7febf4000000 ---p 00000000 00:00 0 
7febf47b2000-7febf4d07000 ---p 00000000 00:00 0 
7febf4d07000-7febf4d48000 rw-p 00000000 00:00 0 
7febf4d48000-7febf4fb2000 ---p 00000000 00:00 0 
7febf4fb2000-7febf4fbd000 rw-p 00000000 00:00 0 
7febf4fbd000-7febf5373000 ---p 00000000 00:00 0 
7febf5373000-7febf537b000 r-xp 00000000 08:01 12064994                   /usr/lib/jvm/java-8-openjdk-amd64/jre/lib/amd64/libzip.so
7febf537b000-7febf557a000 ---p 00008000 08:01 12064994                   /usr/lib/jvm/java-8-openjdk-amd64/jre/lib/amd64/libzip.so
7febf557a000-7febf557b000 r--p 00007000 08:01 12064994                   /usr/lib/jvm/java-8-openjdk-amd64/jre/lib/amd64/libzip.so
7febf557b000-7febf557c000 rw-p 00008000 08:01 12064994                   /usr/lib/jvm/java-8-openjdk-amd64/jre/lib/amd64/libzip.so
7febf557c000-7febf5587000 r-xp 00000000 08:01 11280402                   /lib/x86_64-linux-gnu/libnss_files-2.23.so
7febf5587000-7febf5786000 ---p 0000b000 08:01 11280402                   /lib/x86_64-linux-gnu/libnss_files-2.23.so
7febf5786000-7febf5787000 r--p 0000a000 08:01 11280402                   /lib/x86_64-linux-gnu/libnss_files-2.23.so
7febf5787000-7febf5788000 rw-p 0000b000 08:01 11280402                   /lib/x86_64-linux-gnu/libnss_files-2.23.so
7febf5788000-7febf578e000 rw-p 00000000 00:00 0 
7febf578e000-7febf5799000 r-xp 00000000 08:01 11279793                   /lib/x86_64-linux-gnu/libnss_nis-2.23.so
7febf5799000-7febf5998000 ---p 0000b000 08:01 11279793                   /lib/x86_64-linux-gnu/libnss_nis-2.23.so
7febf5998000-7febf5999000 r--p 0000a000 08:01 11279793                   /lib/x86_64-linux-gnu/libnss_nis-2.23.so
7febf5999000-7febf599a000 rw-p 0000b000 08:01 11279793                   /lib/x86_64-linux-gnu/libnss_nis-2.23.so
7febf599a000-7febf59b0000 r-xp 00000000 08:01 11280399                   /lib/x86_64-linux-gnu/libnsl-2.23.so
7febf59b0000-7febf5baf000 ---p 00016000 08:01 11280399                   /lib/x86_64-linux-gnu/libnsl-2.23.so
7febf5baf000-7febf5bb0000 r--p 00015000 08:01 11280399                   /lib/x86_64-linux-gnu/libnsl-2.23.so
7febf5bb0000-7febf5bb1000 rw-p 00016000 08:01 11280399                   /lib/x86_64-linux-gnu/libnsl-2.23.so
7febf5bb1000-7febf5bb3000 rw-p 00000000 00:00 0 
7febf5bb3000-7febf5bbb000 r-xp 00000000 08:01 11280409                   /lib/x86_64-linux-gnu/libnss_compat-2.23.so
7febf5bbb000-7febf5dba000 ---p 00008000 08:01 11280409                   /lib/x86_64-linux-gnu/libnss_compat-2.23.so
7febf5dba000-7febf5dbb000 r--p 00007000 08:01 11280409                   /lib/x86_64-linux-gnu/libnss_compat-2.23.so
7febf5dbb000-7febf5dbc000 rw-p 00008000 08:01 11280409                   /lib/x86_64-linux-gnu/libnss_compat-2.23.so
7febf5dbc000-7febf5de5000 r-xp 00000000 08:01 12064987                   /usr/lib/jvm/java-8-openjdk-amd64/jre/lib/amd64/libjava.so
7febf5de5000-7febf5fe5000 ---p 00029000 08:01 12064987                   /usr/lib/jvm/java-8-openjdk-amd64/jre/lib/amd64/libjava.so
7febf5fe5000-7febf5fe6000 r--p 00029000 08:01 12064987                   /usr/lib/jvm/java-8-openjdk-amd64/jre/lib/amd64/libjava.so
7febf5fe6000-7febf5fe8000 rw-p 0002a000 08:01 12064987                   /usr/lib/jvm/java-8-openjdk-amd64/jre/lib/amd64/libjava.so
7febf5fe8000-7febf5ff7000 r-xp 00000000 08:01 12065008                   /usr/lib/jvm/java-8-openjdk-amd64/jre/lib/amd64/libverify.so
7febf5ff7000-7febf61f6000 ---p 0000f000 08:01 12065008                   /usr/lib/jvm/java-8-openjdk-amd64/jre/lib/amd64/libverify.so
7febf61f6000-7febf61f8000 r--p 0000e000 08:01 12065008                   /usr/lib/jvm/java-8-openjdk-amd64/jre/lib/amd64/libverify.so
7febf61f8000-7febf61f9000 rw-p 00010000 08:01 12065008                   /usr/lib/jvm/java-8-openjdk-amd64/jre/lib/amd64/libverify.so
7febf61f9000-7febf6200000 r-xp 00000000 08:01 11279016                   /lib/x86_64-linux-gnu/librt-2.23.so
7febf6200000-7febf63ff000 ---p 00007000 08:01 11279016                   /lib/x86_64-linux-gnu/librt-2.23.so
7febf63ff000-7febf6400000 r--p 00006000 08:01 11279016                   /lib/x86_64-linux-gnu/librt-2.23.so
7febf6400000-7febf6401000 rw-p 00007000 08:01 11279016                   /lib/x86_64-linux-gnu/librt-2.23.so
7febf6401000-7febf6417000 r-xp 00000000 08:01 11273295                   /lib/x86_64-linux-gnu/libgcc_s.so.1
7febf6417000-7febf6616000 ---p 00016000 08:01 11273295                   /lib/x86_64-linux-gnu/libgcc_s.so.1
7febf6616000-7febf6617000 rw-p 00015000 08:01 11273295                   /lib/x86_64-linux-gnu/libgcc_s.so.1
7febf6617000-7febf671f000 r-xp 00000000 08:01 11280413                   /lib/x86_64-linux-gnu/libm-2.23.so
7febf671f000-7febf691e000 ---p 00108000 08:01 11280413                   /lib/x86_64-linux-gnu/libm-2.23.so
7febf691e000-7febf691f000 r--p 00107000 08:01 11280413                   /lib/x86_64-linux-gnu/libm-2.23.so
7febf691f000-7febf6920000 rw-p 00108000 08:01 11280413                   /lib/x86_64-linux-gnu/libm-2.23.so
7febf6920000-7febf6a92000 r-xp 00000000 08:01 8660278                    /usr/lib/x86_64-linux-gnu/libstdc++.so.6.0.21
7febf6a92000-7febf6c92000 ---p 00172000 08:01 8660278                    /usr/lib/x86_64-linux-gnu/libstdc++.so.6.0.21
7febf6c92000-7febf6c9c000 r--p 00172000 08:01 8660278                    /usr/lib/x86_64-linux-gnu/libstdc++.so.6.0.21
7febf6c9c000-7febf6c9e000 rw-p 0017c000 08:01 8660278                    /usr/lib/x86_64-linux-gnu/libstdc++.so.6.0.21
7febf6c9e000-7febf6ca2000 rw-p 00000000 00:00 0 
7febf6ca2000-7febf790a000 r-xp 00000000 08:01 12064988                   /usr/lib/jvm/java-8-openjdk-amd64/jre/lib/amd64/server/libjvm.so
7febf790a000-7febf7b0a000 ---p 00c68000 08:01 12064988                   /usr/lib/jvm/java-8-openjdk-amd64/jre/lib/amd64/server/libjvm.so
7febf7b0a000-7febf7b9e000 r--p 00c68000 08:01 12064988                   /usr/lib/jvm/java-8-openjdk-amd64/jre/lib/amd64/server/libjvm.so
7febf7b9e000-7febf7bc7000 rw-p 00cfc000 08:01 12064988                   /usr/lib/jvm/java-8-openjdk-amd64/jre/lib/amd64/server/libjvm.so
7febf7bc7000-7febf7bf7000 rw-p 00000000 00:00 0 
7febf7bf7000-7febf7c0f000 r-xp 00000000 08:01 11279136                   /lib/x86_64-linux-gnu/libpthread-2.23.so
7febf7c0f000-7febf7e0e000 ---p 00018000 08:01 11279136                   /lib/x86_64-linux-gnu/libpthread-2.23.so
7febf7e0e000-7febf7e0f000 r--p 00017000 08:01 11279136                   /lib/x86_64-linux-gnu/libpthread-2.23.so
7febf7e0f000-7febf7e10000 rw-p 00018000 08:01 11279136                   /lib/x86_64-linux-gnu/libpthread-2.23.so
7febf7e10000-7febf7e14000 rw-p 00000000 00:00 0 
7febf7e14000-7febf7e17000 r-xp 00000000 08:01 11279020                   /lib/x86_64-linux-gnu/libdl-2.23.so
7febf7e17000-7febf8016000 ---p 00003000 08:01 11279020                   /lib/x86_64-linux-gnu/libdl-2.23.so
7febf8016000-7febf8017000 r--p 00002000 08:01 11279020                   /lib/x86_64-linux-gnu/libdl-2.23.so
7febf8017000-7febf8018000 rw-p 00003000 08:01 11279020                   /lib/x86_64-linux-gnu/libdl-2.23.so
7febf8018000-7febf8031000 r-xp 00000000 08:01 11276232                   /lib/x86_64-linux-gnu/libz.so.1.2.8
7febf8031000-7febf8230000 ---p 00019000 08:01 11276232                   /lib/x86_64-linux-gnu/libz.so.1.2.8
7febf8230000-7febf8231000 r--p 00018000 08:01 11276232                   /lib/x86_64-linux-gnu/libz.so.1.2.8
7febf8231000-7febf8232000 rw-p 00019000 08:01 11276232                   /lib/x86_64-linux-gnu/libz.so.1.2.8
7febf8232000-7febf83f2000 r-xp 00000000 08:01 11280407                   /lib/x86_64-linux-gnu/libc-2.23.so
7febf83f2000-7febf85f2000 ---p 001c0000 08:01 11280407                   /lib/x86_64-linux-gnu/libc-2.23.so
7febf85f2000-7febf85f6000 r--p 001c0000 08:01 11280407                   /lib/x86_64-linux-gnu/libc-2.23.so
7febf85f6000-7febf85f8000 rw-p 001c4000 08:01 11280407                   /lib/x86_64-linux-gnu/libc-2.23.so
7febf85f8000-7febf85fc000 rw-p 00000000 00:00 0 
7febf85fc000-7febf8609000 r-xp 00000000 08:01 12064986                   /usr/lib/jvm/java-8-openjdk-amd64/jre/lib/amd64/jli/libjli.so
7febf8609000-7febf8809000 ---p 0000d000 08:01 12064986                   /usr/lib/jvm/java-8-openjdk-amd64/jre/lib/amd64/jli/libjli.so
7febf8809000-7febf880a000 r--p 0000d000 08:01 12064986                   /usr/lib/jvm/java-8-openjdk-amd64/jre/lib/amd64/jli/libjli.so
7febf880a000-7febf880b000 rw-p 0000e000 08:01 12064986                   /usr/lib/jvm/java-8-openjdk-amd64/jre/lib/amd64/jli/libjli.so
7febf880b000-7febf8831000 r-xp 00000000 08:01 11279022                   /lib/x86_64-linux-gnu/ld-2.23.so
7febf8904000-7febf8907000 ---p 00000000 00:00 0 
7febf8907000-7febf8a09000 rw-p 00000000 00:00 0 
7febf8a25000-7febf8a2d000 rw-s 00000000 08:01 662626                     /tmp/hsperfdata_ball/29159
7febf8a2d000-7febf8a2e000 rw-p 00000000 00:00 0 
7febf8a2e000-7febf8a2f000 r--p 00000000 00:00 0 
7febf8a2f000-7febf8a30000 rw-p 00000000 00:00 0 
7febf8a30000-7febf8a31000 r--p 00025000 08:01 11279022                   /lib/x86_64-linux-gnu/ld-2.23.so
7febf8a31000-7febf8a32000 rw-p 00026000 08:01 11279022                   /lib/x86_64-linux-gnu/ld-2.23.so
7febf8a32000-7febf8a33000 rw-p 00000000 00:00 0 
7fffaa60f000-7fffaa631000 rw-p 00000000 00:00 0                          [stack]
7fffaa678000-7fffaa67a000 r--p 00000000 00:00 0                          [vvar]
7fffaa67a000-7fffaa67c000 r-xp 00000000 00:00 0                          [vdso]
ffffffffff600000-ffffffffff601000 r-xp 00000000 00:00 0                  [vsyscall]

VM Arguments:
jvm_args: -Xmx4096m -Xms1024m -XX:PermSize=1024m -XX:MaxPermSize=512m -XX:NewSize=128m -Dclassworlds.conf=/usr/share/maven/bin/m2.conf -Dmaven.home=/usr/share/maven -Dmaven.multiModuleProjectDirectory=/home/ball/workspace/openmrs-config-pihemr 
java_command: org.codehaus.plexus.classworlds.launcher.Launcher clean install
java_class_path (initial): /usr/share/maven/boot/plexus-classworlds-2.x.jar
Launcher Type: SUN_STANDARD

Environment Variables:
JAVA_HOME=/usr/lib/jvm/java-8-openjdk-amd64/jre
PATH=/usr/local/sbin:/usr/local/bin:/usr/sbin:/usr/bin:/sbin:/bin:/usr/local/idea-intellij/bin:/snap/bin
SHELL=/bin/bash
DISPLAY=:0

Signal Handlers:
SIGSEGV: [libjvm.so+0xa7bb00], sa_mask[0]=11111111011111111101111111111110, sa_flags=SA_RESTART|SA_SIGINFO
SIGBUS: [libjvm.so+0xa7bb00], sa_mask[0]=11111111011111111101111111111110, sa_flags=SA_RESTART|SA_SIGINFO
SIGFPE: [libjvm.so+0x8c3d50], sa_mask[0]=11111111011111111101111111111110, sa_flags=SA_RESTART|SA_SIGINFO
SIGPIPE: [libjvm.so+0x8c3d50], sa_mask[0]=11111111011111111101111111111110, sa_flags=SA_RESTART|SA_SIGINFO
SIGXFSZ: [libjvm.so+0x8c3d50], sa_mask[0]=11111111011111111101111111111110, sa_flags=SA_RESTART|SA_SIGINFO
SIGILL: [libjvm.so+0x8c3d50], sa_mask[0]=11111111011111111101111111111110, sa_flags=SA_RESTART|SA_SIGINFO
SIGUSR1: SIG_DFL, sa_mask[0]=00000000000000000000000000000000, sa_flags=none
SIGUSR2: [libjvm.so+0x8c3c00], sa_mask[0]=00000000000000000000000000000000, sa_flags=SA_RESTART|SA_SIGINFO
SIGHUP: SIG_DFL, sa_mask[0]=00000000000000000000000000000000, sa_flags=none
SIGINT: SIG_DFL, sa_mask[0]=00000000000000000000000000000000, sa_flags=none
SIGTERM: SIG_DFL, sa_mask[0]=00000000000000000000000000000000, sa_flags=none
SIGQUIT: SIG_DFL, sa_mask[0]=00000000000000000000000000000000, sa_flags=none


---------------  S Y S T E M  ---------------

OS:DISTRIB_ID=Ubuntu
DISTRIB_RELEASE=16.04
DISTRIB_CODENAME=xenial
DISTRIB_DESCRIPTION="Ubuntu 16.04.6 LTS"

uname:Linux 4.4.0-177-generic #207-Ubuntu SMP Mon Mar 16 01:16:10 UTC 2020 x86_64
libc:glibc 2.23 NPTL 2.23 
rlimit: STACK 8192k, CORE 0k, NPROC 46690, NOFILE 1048576, AS infinity
load average:0.46 0.88 2.46

/proc/meminfo:
MemTotal:       11996536 kB
MemFree:          190692 kB
MemAvailable:     678784 kB
Buffers:           81148 kB
Cached:          1650516 kB
SwapCached:        19548 kB
Active:          9366836 kB
Inactive:        1806020 kB
Active(anon):    8990992 kB
Inactive(anon):  1526248 kB
Active(file):     375844 kB
Inactive(file):   279772 kB
Unevictable:         192 kB
Mlocked:             192 kB
SwapTotal:       8076284 kB
SwapFree:          43724 kB
Dirty:               664 kB
Writeback:             0 kB
AnonPages:       9426036 kB
Mapped:          1203160 kB
Shmem:           1075576 kB
Slab:             257024 kB
SReclaimable:     140100 kB
SUnreclaim:       116924 kB
KernelStack:       31392 kB
PageTables:       172676 kB
NFS_Unstable:          0 kB
Bounce:                0 kB
WritebackTmp:          0 kB
CommitLimit:    14074552 kB
Committed_AS:   41486100 kB
VmallocTotal:   34359738367 kB
VmallocUsed:           0 kB
VmallocChunk:          0 kB
HardwareCorrupted:     0 kB
AnonHugePages:         0 kB
CmaTotal:              0 kB
CmaFree:               0 kB
HugePages_Total:       0
HugePages_Free:        0
HugePages_Rsvd:        0
HugePages_Surp:        0
Hugepagesize:       2048 kB
DirectMap4k:     3762820 kB
DirectMap2M:     8509440 kB
DirectMap1G:           0 kB

container (cgroup) information:
container_type: cgroupv1
cpu_cpuset_cpus: 0-3
cpu_memory_nodes: 0
active_processor_count: 4
cpu_quota: -1
cpu_period: 100000
cpu_shares: -1
memory_limit_in_bytes: -1
memory_and_swap_limit_in_bytes: -2
memory_soft_limit_in_bytes: -1
memory_usage_in_bytes: 10997276672
memory_max_usage_in_bytes: 11311910912


CPU:total 4 (initial active 4) (2 cores per cpu, 2 threads per core) family 6 model 61 stepping 4, cmov, cx8, fxsr, mmx, sse, sse2, sse3, ssse3, sse4.1, sse4.2, popcnt, avx, avx2, aes, clmul, erms, rtm, 3dnowpref, lzcnt, ht, tsc, tscinvbit, bmi1, bmi2, adx

/proc/cpuinfo:
processor	: 0
vendor_id	: GenuineIntel
cpu family	: 6
model		: 61
model name	: Intel(R) Core(TM) i5-5300U CPU @ 2.30GHz
stepping	: 4
microcode	: 0x2e
cpu MHz		: 2250.046
cache size	: 3072 KB
physical id	: 0
siblings	: 4
core id		: 0
cpu cores	: 2
apicid		: 0
initial apicid	: 0
fpu		: yes
fpu_exception	: yes
cpuid level	: 20
wp		: yes
flags		: fpu vme de pse tsc msr pae mce cx8 apic sep mtrr pge mca cmov pat pse36 clflush dts acpi mmx fxsr sse sse2 ss ht tm pbe syscall nx pdpe1gb rdtscp lm constant_tsc arch_perfmon pebs bts rep_good nopl xtopology nonstop_tsc aperfmperf pni pclmulqdq dtes64 monitor ds_cpl vmx smx est tm2 ssse3 sdbg fma cx16 xtpr pdcm pcid sse4_1 sse4_2 x2apic movbe popcnt tsc_deadline_timer aes xsave avx f16c rdrand lahf_lm abm 3dnowprefetch epb invpcid_single intel_pt ssbd ibrs ibpb stibp kaiser tpr_shadow vnmi flexpriority ept vpid fsgsbase tsc_adjust bmi1 hle avx2 smep bmi2 erms invpcid rtm rdseed adx smap xsaveopt dtherm ida arat pln pts md_clear flush_l1d
bugs		: cpu_meltdown spectre_v1 spectre_v2 spec_store_bypass l1tf mds swapgs taa itlb_multihit
bogomips	: 4589.50
clflush size	: 64
cache_alignment	: 64
address sizes	: 39 bits physical, 48 bits virtual
power management:

processor	: 1
vendor_id	: GenuineIntel
cpu family	: 6
model		: 61
model name	: Intel(R) Core(TM) i5-5300U CPU @ 2.30GHz
stepping	: 4
microcode	: 0x2e
cpu MHz		: 2299.910
cache size	: 3072 KB
physical id	: 0
siblings	: 4
core id		: 0
cpu cores	: 2
apicid		: 1
initial apicid	: 1
fpu		: yes
fpu_exception	: yes
cpuid level	: 20
wp		: yes
flags		: fpu vme de pse tsc msr pae mce cx8 apic sep mtrr pge mca cmov pat pse36 clflush dts acpi mmx fxsr sse sse2 ss ht tm pbe syscall nx pdpe1gb rdtscp lm constant_tsc arch_perfmon pebs bts rep_good nopl xtopology nonstop_tsc aperfmperf pni pclmulqdq dtes64 monitor ds_cpl vmx smx est tm2 ssse3 sdbg fma cx16 xtpr pdcm pcid sse4_1 sse4_2 x2apic movbe popcnt tsc_deadline_timer aes xsave avx f16c rdrand lahf_lm abm 3dnowprefetch epb invpcid_single intel_pt ssbd ibrs ibpb stibp kaiser tpr_shadow vnmi flexpriority ept vpid fsgsbase tsc_adjust bmi1 hle avx2 smep bmi2 erms invpcid rtm rdseed adx smap xsaveopt dtherm ida arat pln pts md_clear flush_l1d
bugs		: cpu_meltdown spectre_v1 spectre_v2 spec_store_bypass l1tf mds swapgs taa itlb_multihit
bogomips	: 4589.50
clflush size	: 64
cache_alignment	: 64
address sizes	: 39 bits physical, 48 bits virtual
power management:

processor	: 2
vendor_id	: GenuineIntel
cpu family	: 6
model		: 61
model name	: Intel(R) Core(TM) i5-5300U CPU @ 2.30GHz
stepping	: 4
microcode	: 0x2e
cpu MHz		: 2300.000
cache size	: 3072 KB
physical id	: 0
siblings	: 4
core id		: 1
cpu cores	: 2
apicid		: 2
initial apicid	: 2
fpu		: yes
fpu_exception	: yes
cpuid level	: 20
wp		: yes
flags		: fpu vme de pse tsc msr pae mce cx8 apic sep mtrr pge mca cmov pat pse36 clflush dts acpi mmx fxsr sse sse2 ss ht tm pbe syscall nx pdpe1gb rdtscp lm constant_tsc arch_perfmon pebs bts rep_good nopl xtopology nonstop_tsc aperfmperf pni pclmulqdq dtes64 monitor ds_cpl vmx smx est tm2 ssse3 sdbg fma cx16 xtpr pdcm pcid sse4_1 sse4_2 x2apic movbe popcnt tsc_deadline_timer aes xsave avx f16c rdrand lahf_lm abm 3dnowprefetch epb invpcid_single intel_pt ssbd ibrs ibpb stibp kaiser tpr_shadow vnmi flexpriority ept vpid fsgsbase tsc_adjust bmi1 hle avx2 smep bmi2 erms invpcid rtm rdseed adx smap xsaveopt dtherm ida arat pln pts md_clear flush_l1d
bugs		: cpu_meltdown spectre_v1 spectre_v2 spec_store_bypass l1tf mds swapgs taa itlb_multihit
bogomips	: 4589.50
clflush size	: 64
cache_alignment	: 64
address sizes	: 39 bits physical, 48 bits virtual
power management:

processor	: 3
vendor_id	: GenuineIntel
cpu family	: 6
model		: 61
model name	: Intel(R) Core(TM) i5-5300U CPU @ 2.30GHz
stepping	: 4
microcode	: 0x2e
cpu MHz		: 2300.000
cache size	: 3072 KB
physical id	: 0
siblings	: 4
core id		: 1
cpu cores	: 2
apicid		: 3
initial apicid	: 3
fpu		: yes
fpu_exception	: yes
cpuid level	: 20
wp		: yes
flags		: fpu vme de pse tsc msr pae mce cx8 apic sep mtrr pge mca cmov pat pse36 clflush dts acpi mmx fxsr sse sse2 ss ht tm pbe syscall nx pdpe1gb rdtscp lm constant_tsc arch_perfmon pebs bts rep_good nopl xtopology nonstop_tsc aperfmperf pni pclmulqdq dtes64 monitor ds_cpl vmx smx est tm2 ssse3 sdbg fma cx16 xtpr pdcm pcid sse4_1 sse4_2 x2apic movbe popcnt tsc_deadline_timer aes xsave avx f16c rdrand lahf_lm abm 3dnowprefetch epb invpcid_single intel_pt ssbd ibrs ibpb stibp kaiser tpr_shadow vnmi flexpriority ept vpid fsgsbase tsc_adjust bmi1 hle avx2 smep bmi2 erms invpcid rtm rdseed adx smap xsaveopt dtherm ida arat pln pts md_clear flush_l1d
bugs		: cpu_meltdown spectre_v1 spectre_v2 spec_store_bypass l1tf mds swapgs taa itlb_multihit
bogomips	: 4589.50
clflush size	: 64
cache_alignment	: 64
address sizes	: 39 bits physical, 48 bits virtual
power management:



Memory: 4k page, physical 11996536k(190692k free), swap 8076284k(43724k free)

vm_info: OpenJDK 64-Bit Server VM (25.252-b09) for linux-amd64 JRE (1.8.0_252-8u252-b09-1~16.04-b09), built on Apr 15 2020 21:06:51 by "buildd" with gcc 5.4.0 20160609

time: Wed May  6 16:24:55 2020
timezone: EDT
elapsed time: 0 seconds (0d 0h 0m 0s)

